<?xml version="1.0" encoding="UTF-8"?>
<!-- Generated by org.testng.reporters.JUnitXMLReporter -->
<testsuite hostname="DESKTOP-IC54V12" ignored="2" name="Default test" tests="1" failures="0" timestamp="29 Aug 2022 21:33:59 GMT" time="5.377" errors="0">
  <testcase name="PdfValidation1" time="2.141" classname="MultipleScenario.PDFValidation"/>
  <testcase name="PdfValidation_axmag_UserGuides_FromLocal" time="0.0" classname="MultipleScenario.PDFValidation">
    <ignored/>
  </testcase> <!-- PdfValidation_axmag_UserGuides_FromLocal -->
  <testcase name="PdfValidation_axmag_UserGuides" time="0.0" classname="MultipleScenario.PDFValidation">
    <ignored/>
  </testcase> <!-- PdfValidation_axmag_UserGuides -->
</testsuite> <!-- Default test -->
