<?xml version="1.0" encoding="UTF-8"?>
<testng-results skipped="0" failed="0" ignored="1" total="2" passed="1">
  <reporter-output>
  </reporter-output>
  <suite name="Suite" duration-ms="24850" started-at="2019-05-15T00:24:36Z" finished-at="2019-05-15T00:25:01Z">
    <groups>
    </groups>
    <test name="Test" duration-ms="24850" started-at="2019-05-15T00:24:36Z" finished-at="2019-05-15T00:25:01Z">
      <class name="testcases.RediffTest">
        <test-method status="PASS" signature="setUp()[pri:0, instance:testcases.RediffTest@6537cf78]" name="setUp" is-config="true" duration-ms="13094" started-at="2019-05-15T00:24:36Z" finished-at="2019-05-15T00:24:49Z">
          <reporter-output>
          </reporter-output>
        </test-method> <!-- setUp -->
        <test-method status="PASS" signature="rediffTestCase1()[pri:0, instance:testcases.RediffTest@6537cf78]" name="rediffTestCase1" duration-ms="10780" started-at="2019-05-15T00:24:49Z" finished-at="2019-05-15T00:25:00Z">
          <reporter-output>
          </reporter-output>
        </test-method> <!-- rediffTestCase1 -->
        <test-method status="PASS" signature="afterClass()[pri:0, instance:testcases.RediffTest@6537cf78]" name="afterClass" is-config="true" duration-ms="955" started-at="2019-05-15T00:25:00Z" finished-at="2019-05-15T00:25:01Z">
          <reporter-output>
          </reporter-output>
        </test-method> <!-- afterClass -->
      </class> <!-- testcases.RediffTest -->
    </test> <!-- Test -->
  </suite> <!-- Suite -->
</testng-results>
