<?xml version="1.0" encoding="UTF-8"?>
<testng-results skipped="0" failed="0" ignored="2" total="3" passed="1">
  <reporter-output>
  </reporter-output>
  <suite name="Default suite" duration-ms="5377" started-at="2022-08-29T21:33:53Z" finished-at="2022-08-29T21:33:59Z">
    <groups>
    </groups>
    <test name="Default test" duration-ms="5377" started-at="2022-08-29T21:33:53Z" finished-at="2022-08-29T21:33:59Z">
      <class name="MultipleScenario.PDFValidation">
        <test-method status="PASS" signature="setUp()[pri:0, instance:MultipleScenario.PDFValidation@56ac3a89]" name="setUp" is-config="true" duration-ms="3205" started-at="2022-08-29T21:33:53Z" finished-at="2022-08-29T21:33:56Z">
          <reporter-output>
          </reporter-output>
        </test-method> <!-- setUp -->
        <test-method status="PASS" signature="PdfValidation1()[pri:0, instance:MultipleScenario.PDFValidation@56ac3a89]" name="PdfValidation1" duration-ms="2141" started-at="2022-08-29T21:33:56Z" finished-at="2022-08-29T21:33:59Z">
          <reporter-output>
          </reporter-output>
        </test-method> <!-- PdfValidation1 -->
      </class> <!-- MultipleScenario.PDFValidation -->
    </test> <!-- Default test -->
  </suite> <!-- Default suite -->
</testng-results>
